<?xml version="1.0" encoding="UTF-8" ?>
<testsuite failures="0" time="0.509" errors="0" skipped="0" tests="3" name="abacus.search.facets.DocValuesWrapperTest">
  <properties>
[...]
</properties>
  <testcase time="0.01" classname="abacus.search.facets.DocValuesWrapperTest" name="testNumericDocValues"/>
  <testcase time="0.007" classname="abacus.search.facets.DocValuesWrapperTest" name="testSortedDocValues"/>
  <testcase time="0.013" classname="abacus.search.facets.DocValuesWrapperTest" name="testSortedSetDocValues"/>
</testsuite>